Performing C SOURCE FILE Test CMAKE_HAVE_LIBC_PTHREAD failed with the following output:
Change Dir: /media/nomeer/NoMeEr/NoMeEr/Robotics-Software/Khaled_Gabr/Practice/Autonomous-Robotics-Course-2/Task-8/task8_ws/build/CMakeFiles/CMakeTmp

Run Build Command(s):/usr/bin/make cmTC_411bd/fast && /usr/bin/make -f CMakeFiles/cmTC_411bd.dir/build.make CMakeFiles/cmTC_411bd.dir/build
make[1]: Entering directory '/media/nomeer/NoMeEr/NoMeEr/Robotics-Software/Khaled_Gabr/Practice/Autonomous-Robotics-Course-2/Task-8/task8_ws/build/CMakeFiles/CMakeTmp'
Building C object CMakeFiles/cmTC_411bd.dir/src.c.o
/usr/bin/cc   -DCMAKE_HAVE_LIBC_PTHREAD   -o CMakeFiles/cmTC_411bd.dir/src.c.o   -c /media/nomeer/NoMeEr/NoMeEr/Robotics-Software/Khaled_Gabr/Practice/Autonomous-Robotics-Course-2/Task-8/task8_ws/build/CMakeFiles/CMakeTmp/src.c
Linking C executable cmTC_411bd
/usr/bin/cmake -E cmake_link_script CMakeFiles/cmTC_411bd.dir/link.txt --verbose=1
/usr/bin/cc  -DCMAKE_HAVE_LIBC_PTHREAD    -rdynamic CMakeFiles/cmTC_411bd.dir/src.c.o  -o cmTC_411bd 
/usr/bin/ld: CMakeFiles/cmTC_411bd.dir/src.c.o: in function `main':
src.c:(.text+0x46): undefined reference to `pthread_create'
/usr/bin/ld: src.c:(.text+0x52): undefined reference to `pthread_detach'
/usr/bin/ld: src.c:(.text+0x63): undefined reference to `pthread_join'
collect2: error: ld returned 1 exit status
make[1]: *** [CMakeFiles/cmTC_411bd.dir/build.make:87: cmTC_411bd] Error 1
make[1]: Leaving directory '/media/nomeer/NoMeEr/NoMeEr/Robotics-Software/Khaled_Gabr/Practice/Autonomous-Robotics-Course-2/Task-8/task8_ws/build/CMakeFiles/CMakeTmp'
make: *** [Makefile:121: cmTC_411bd/fast] Error 2


Source file was:
#include <pthread.h>

void* test_func(void* data)
{
  return data;
}

int main(void)
{
  pthread_t thread;
  pthread_create(&thread, NULL, test_func, NULL);
  pthread_detach(thread);
  pthread_join(thread, NULL);
  pthread_atfork(NULL, NULL, NULL);
  pthread_exit(NULL);

  return 0;
}

Determining if the function pthread_create exists in the pthreads failed with the following output:
Change Dir: /media/nomeer/NoMeEr/NoMeEr/Robotics-Software/Khaled_Gabr/Practice/Autonomous-Robotics-Course-2/Task-8/task8_ws/build/CMakeFiles/CMakeTmp

Run Build Command(s):/usr/bin/make cmTC_91409/fast && /usr/bin/make -f CMakeFiles/cmTC_91409.dir/build.make CMakeFiles/cmTC_91409.dir/build
make[1]: Entering directory '/media/nomeer/NoMeEr/NoMeEr/Robotics-Software/Khaled_Gabr/Practice/Autonomous-Robotics-Course-2/Task-8/task8_ws/build/CMakeFiles/CMakeTmp'
Building C object CMakeFiles/cmTC_91409.dir/CheckFunctionExists.c.o
/usr/bin/cc   -DCHECK_FUNCTION_EXISTS=pthread_create   -o CMakeFiles/cmTC_91409.dir/CheckFunctionExists.c.o   -c /usr/share/cmake-3.16/Modules/CheckFunctionExists.c
Linking C executable cmTC_91409
/usr/bin/cmake -E cmake_link_script CMakeFiles/cmTC_91409.dir/link.txt --verbose=1
/usr/bin/cc  -DCHECK_FUNCTION_EXISTS=pthread_create    -rdynamic CMakeFiles/cmTC_91409.dir/CheckFunctionExists.c.o  -o cmTC_91409  -lpthreads 
/usr/bin/ld: cannot find -lpthreads
collect2: error: ld returned 1 exit status
make[1]: *** [CMakeFiles/cmTC_91409.dir/build.make:87: cmTC_91409] Error 1
make[1]: Leaving directory '/media/nomeer/NoMeEr/NoMeEr/Robotics-Software/Khaled_Gabr/Practice/Autonomous-Robotics-Course-2/Task-8/task8_ws/build/CMakeFiles/CMakeTmp'
make: *** [Makefile:121: cmTC_91409/fast] Error 2



